{"contracts/EthSplitter.sol":{"l":{"18":3,"23":3,"24":3,"27":3,"36":2,"41":2,"42":2,"49":1,"52":1,"53":2,"54":2,"66":4,"71":4},"path":"/Users/ale/Desktop/Wizards/eth-splitter/contracts/EthSplitter.sol","s":{"1":3,"2":3,"3":3,"4":3,"5":2,"6":2,"7":2,"8":1,"9":1,"10":2,"11":2,"12":4,"13":4},"b":{"1":[3,0],"2":[2,0],"3":[2,0]},"f":{"1":3,"2":2,"3":1,"4":3,"5":4,"6":4},"fnMap":{"1":{"name":"constructor","line":17,"loc":{"start":{"line":13,"column":4},"end":{"line":28,"column":4}}},"2":{"name":"updateShares","line":35,"loc":{"start":{"line":32,"column":4},"end":{"line":43,"column":4}}},"3":{"name":"distribute","line":47,"loc":{"start":{"line":47,"column":4},"end":{"line":59,"column":4}}},"4":{"name":null,"line":62,"loc":{"start":{"line":62,"column":4},"end":{"line":62,"column":33}}},"5":{"name":"getShares","line":65,"loc":{"start":{"line":65,"column":4},"end":{"line":67,"column":4}}},"6":{"name":"getRecipients","line":70,"loc":{"start":{"line":70,"column":4},"end":{"line":72,"column":4}}}},"statementMap":{"1":{"start":{"line":18,"column":8},"end":{"line":18,"column":542}},"2":{"start":{"line":23,"column":8},"end":{"line":23,"column":31}},"3":{"start":{"line":24,"column":8},"end":{"line":24,"column":23}},"4":{"start":{"line":27,"column":8},"end":{"line":27,"column":30}},"5":{"start":{"line":36,"column":8},"end":{"line":36,"column":1053}},"6":{"start":{"line":41,"column":8},"end":{"line":41,"column":31}},"7":{"start":{"line":42,"column":8},"end":{"line":42,"column":23}},"8":{"start":{"line":49,"column":8},"end":{"line":49,"column":47}},"9":{"start":{"line":52,"column":8},"end":{"line":52,"column":1486}},"10":{"start":{"line":53,"column":12},"end":{"line":53,"column":65}},"11":{"start":{"line":54,"column":12},"end":{"line":54,"column":1617}},"12":{"start":{"line":66,"column":8},"end":{"line":66,"column":28}},"13":{"start":{"line":71,"column":8},"end":{"line":71,"column":32}}},"branchMap":{"1":{"line":18,"type":"if","locations":[{"start":{"line":18,"column":8},"end":{"line":18,"column":8}},{"start":{"line":18,"column":8},"end":{"line":18,"column":8}}]},"2":{"line":36,"type":"if","locations":[{"start":{"line":36,"column":8},"end":{"line":36,"column":8}},{"start":{"line":36,"column":8},"end":{"line":36,"column":8}}]},"3":{"line":54,"type":"if","locations":[{"start":{"line":54,"column":12},"end":{"line":54,"column":12}},{"start":{"line":54,"column":12},"end":{"line":54,"column":12}}]}}}}