{"contracts/EthSplitter.sol":{"l":{"19":3,"24":3,"25":3,"28":3,"37":2,"42":2,"43":2,"50":1,"53":1,"54":2,"55":2,"66":1,"68":1,"70":1,"71":2,"72":2,"85":4,"90":4},"path":"/Users/ale/Desktop/Wizards/eth-splitter/contracts/EthSplitter.sol","s":{"1":3,"2":3,"3":3,"4":3,"5":2,"6":2,"7":2,"8":1,"9":1,"10":2,"11":2,"12":1,"13":1,"14":1,"15":2,"16":2,"17":4,"18":4},"b":{"1":[3,0],"2":[2,0],"3":[2,0],"4":[1,0],"5":[2,0]},"f":{"1":3,"2":2,"3":1,"4":1,"5":3,"6":4,"7":4},"fnMap":{"1":{"name":"constructor","line":18,"loc":{"start":{"line":14,"column":4},"end":{"line":29,"column":4}}},"2":{"name":"updateShares","line":36,"loc":{"start":{"line":33,"column":4},"end":{"line":44,"column":4}}},"3":{"name":"distributeETH","line":48,"loc":{"start":{"line":48,"column":4},"end":{"line":60,"column":4}}},"4":{"name":"distributeERC20","line":64,"loc":{"start":{"line":64,"column":4},"end":{"line":78,"column":4}}},"5":{"name":null,"line":81,"loc":{"start":{"line":81,"column":4},"end":{"line":81,"column":33}}},"6":{"name":"getShares","line":84,"loc":{"start":{"line":84,"column":4},"end":{"line":86,"column":4}}},"7":{"name":"getRecipients","line":89,"loc":{"start":{"line":89,"column":4},"end":{"line":91,"column":4}}}},"statementMap":{"1":{"start":{"line":19,"column":8},"end":{"line":19,"column":598}},"2":{"start":{"line":24,"column":8},"end":{"line":24,"column":31}},"3":{"start":{"line":25,"column":8},"end":{"line":25,"column":23}},"4":{"start":{"line":28,"column":8},"end":{"line":28,"column":30}},"5":{"start":{"line":37,"column":8},"end":{"line":37,"column":1109}},"6":{"start":{"line":42,"column":8},"end":{"line":42,"column":31}},"7":{"start":{"line":43,"column":8},"end":{"line":43,"column":23}},"8":{"start":{"line":50,"column":8},"end":{"line":50,"column":47}},"9":{"start":{"line":53,"column":8},"end":{"line":53,"column":1553}},"10":{"start":{"line":54,"column":12},"end":{"line":54,"column":65}},"11":{"start":{"line":55,"column":12},"end":{"line":55,"column":1684}},"12":{"start":{"line":66,"column":8},"end":{"line":66,"column":64}},"13":{"start":{"line":68,"column":8},"end":{"line":68,"column":2089}},"14":{"start":{"line":70,"column":12},"end":{"line":70,"column":2150}},"15":{"start":{"line":71,"column":16},"end":{"line":71,"column":69}},"16":{"start":{"line":72,"column":16},"end":{"line":72,"column":2289}},"17":{"start":{"line":85,"column":8},"end":{"line":85,"column":28}},"18":{"start":{"line":90,"column":8},"end":{"line":90,"column":32}}},"branchMap":{"1":{"line":19,"type":"if","locations":[{"start":{"line":19,"column":8},"end":{"line":19,"column":8}},{"start":{"line":19,"column":8},"end":{"line":19,"column":8}}]},"2":{"line":37,"type":"if","locations":[{"start":{"line":37,"column":8},"end":{"line":37,"column":8}},{"start":{"line":37,"column":8},"end":{"line":37,"column":8}}]},"3":{"line":55,"type":"if","locations":[{"start":{"line":55,"column":12},"end":{"line":55,"column":12}},{"start":{"line":55,"column":12},"end":{"line":55,"column":12}}]},"4":{"line":68,"type":"if","locations":[{"start":{"line":68,"column":8},"end":{"line":68,"column":8}},{"start":{"line":68,"column":8},"end":{"line":68,"column":8}}]},"5":{"line":72,"type":"if","locations":[{"start":{"line":72,"column":16},"end":{"line":72,"column":16}},{"start":{"line":72,"column":16},"end":{"line":72,"column":16}}]}}}}